5219321114495:ENCOLADO ans_48f1a5f3-45cf-46ea-8dba-6b7fb49fca3c
5219321114495:EJECUTANDO
5219321114495:SUCCESS
5219321114495:ENCOLADO ans_533b6a00-eb58-41f9-b20f-998bb55c1ea7
5219321114495:EJECUTANDO
5219321114495:SUCCESS
5219321114495:ENCOLADO ans_3941924e-96f6-4fd3-a8d4-c8fffeb6b5f3
5219321114495:EJECUTANDO
5219321114495:SUCCESS
5219321114495:ENCOLADO ans_1e364f3e-b637-4140-a802-a992afba1b59
5219321114495:SUCCESS
5219321114495:ENCOLADO ans_42ccd3cd-31a8-4677-8c16-01391e941822
5219321114495:SUCCESS
5219321114495:ENCOLADO ans_79c09190-e0af-443e-bd0a-96d084981930
5219321114495:SUCCESS
5219321114495:ENCOLADO ans_37897b5a-cebb-4389-9835-07b1e9ad273e
5219321114495:SUCCESS
5219321114495:ENCOLADO ans_5c5c434d-1b6f-4c11-9616-7dc35acf8b78
5219321114495:SUCCESS
5219321114495:ENCOLADO ans_c7ba76b9-6940-439c-b124-5b67a0cefe42
5219321114495:SUCCESS
5219321114495:ENCOLADO ans_60c4b667-6664-4fa8-858f-a243e6368df9
5219321114495:EJECUTANDO
5219321114495:SUCCESS
5219321114495:ENCOLADO ans_8e4b1fd5-e965-43da-80e5-6a41975438ce
5219321114495:SUCCESS
5219321114495:ENCOLADO ans_48f1a5f3-45cf-46ea-8dba-6b7fb49fca3c
5219321114495:EJECUTANDO
5219321114495:SUCCESS
5219321114495:ENCOLADO ans_48f1a5f3-45cf-46ea-8dba-6b7fb49fca3c
5219321114495:EJECUTANDO
5219321114495:SUCCESS
5219321114495:ENCOLADO ans_533b6a00-eb58-41f9-b20f-998bb55c1ea7
5219321114495:EJECUTANDO
5219321114495:SUCCESS
5219321114495:ENCOLADO ans_7da3dca7-4ddb-46f2-b908-7864343c4836
5219321114495:EJECUTANDO
5219321114495:SUCCESS
5219321114495:ENCOLADO ans_3f13d044-403e-4ddd-a910-b535322a047d
5219321114495:EJECUTANDO
5219321114495:SUCCESS
5219321114495:ENCOLADO ans_9ae6d6d0-0c69-4fec-a954-07305c3203af
5219321114495:EJECUTANDO
5219321114495:SUCCESS
5219321114495:ENCOLADO ans_6ebe227b-53a5-43d7-868a-fbee450e3a19
5219321114495:EJECUTANDO
5219321114495:SUCCESS
5219321114495:ENCOLADO ans_974618e7-202d-4df6-b5fc-d9490c78569e
5219321114495:SUCCESS
5219321114495:ENCOLADO ans_5391e838-5e10-4d97-90d4-b6eb973e3f97
5219321114495:SUCCESS
5219321114495:ENCOLADO ans_335cf3aa-604a-4246-bdab-8bcb5a03f8c3
5219321114495:EJECUTANDO
5219321114495:SUCCESS
